[INFO] Scanning for projects...
[INFO] 
[INFO] -----------------------< com.example:crossword >------------------------
[INFO] Building crossword 0.0.1-SNAPSHOT
[INFO]   from pom.xml
[INFO] --------------------------------[ jar ]---------------------------------
[INFO] 
[INFO] >>> spring-boot:3.4.2:run (default-cli) > test-compile @ crossword >>>
[INFO] 
[INFO] --- resources:3.3.1:resources (default-resources) @ crossword ---
[INFO] Copying 1 resource from src/main/resources to target/classes
[INFO] Copying 0 resource from src/main/resources to target/classes
[INFO] 
[INFO] --- compiler:3.13.0:compile (default-compile) @ crossword ---
[INFO] Nothing to compile - all classes are up to date.
[INFO] 
[INFO] --- resources:3.3.1:testResources (default-testResources) @ crossword ---
[INFO] skip non existing resourceDirectory /Users/rivanjarjes/Projects/mini-cross-gen/src/test/resources
[INFO] 
[INFO] --- compiler:3.13.0:testCompile (default-testCompile) @ crossword ---
[INFO] Nothing to compile - all classes are up to date.
[INFO] 
[INFO] <<< spring-boot:3.4.2:run (default-cli) < test-compile @ crossword <<<
[INFO] 
[INFO] 
[INFO] --- spring-boot:3.4.2:run (default-cli) @ crossword ---
[INFO] Attaching agents: []

  .   ____          _            __ _ _
 /\\ / ___'_ __ _ _(_)_ __  __ _ \ \ \ \
( ( )\___ | '_ | '_| | '_ \/ _` | \ \ \ \
 \\/  ___)| |_)| | | | | || (_| |  ) ) ) )
  '  |____| .__|_| |_|_| |_\__, | / / / /
 =========|_|==============|___/=/_/_/_/

 :: Spring Boot ::                (v3.4.2)

2025-02-03T20:46:38.995-05:00  INFO 92895 --- [crossword] [           main] c.e.crossword.CrosswordApplication       : Starting CrosswordApplication using Java 23.0.1 with PID 92895 (/Users/rivanjarjes/Projects/mini-cross-gen/target/classes started by rivanjarjes in /Users/rivanjarjes/Projects/mini-cross-gen)
2025-02-03T20:46:38.996-05:00  INFO 92895 --- [crossword] [           main] c.e.crossword.CrosswordApplication       : No active profile set, falling back to 1 default profile: "default"
2025-02-03T20:46:39.212-05:00  INFO 92895 --- [crossword] [           main] .s.d.r.c.RepositoryConfigurationDelegate : Bootstrapping Spring Data JPA repositories in DEFAULT mode.
2025-02-03T20:46:39.230-05:00  INFO 92895 --- [crossword] [           main] .s.d.r.c.RepositoryConfigurationDelegate : Finished Spring Data repository scanning in 14 ms. Found 1 JPA repository interface.
2025-02-03T20:46:39.395-05:00  INFO 92895 --- [crossword] [           main] o.s.b.w.embedded.tomcat.TomcatWebServer  : Tomcat initialized with port 8080 (http)
2025-02-03T20:46:39.401-05:00  INFO 92895 --- [crossword] [           main] o.apache.catalina.core.StandardService   : Starting service [Tomcat]
2025-02-03T20:46:39.401-05:00  INFO 92895 --- [crossword] [           main] o.apache.catalina.core.StandardEngine    : Starting Servlet engine: [Apache Tomcat/10.1.34]
2025-02-03T20:46:39.417-05:00  INFO 92895 --- [crossword] [           main] o.a.c.c.C.[Tomcat].[localhost].[/]       : Initializing Spring embedded WebApplicationContext
2025-02-03T20:46:39.417-05:00  INFO 92895 --- [crossword] [           main] w.s.c.ServletWebServerApplicationContext : Root WebApplicationContext: initialization completed in 402 ms
2025-02-03T20:46:39.458-05:00  INFO 92895 --- [crossword] [           main] com.zaxxer.hikari.HikariDataSource       : HikariPool-1 - Starting...
2025-02-03T20:46:39.528-05:00  INFO 92895 --- [crossword] [           main] com.zaxxer.hikari.pool.HikariPool        : HikariPool-1 - Added connection conn0: url=jdbc:h2:mem:23012ac9-d82a-402a-b088-b74c3369689b user=SA
2025-02-03T20:46:39.529-05:00  INFO 92895 --- [crossword] [           main] com.zaxxer.hikari.HikariDataSource       : HikariPool-1 - Start completed.
2025-02-03T20:46:39.549-05:00  INFO 92895 --- [crossword] [           main] o.hibernate.jpa.internal.util.LogHelper  : HHH000204: Processing PersistenceUnitInfo [name: default]
2025-02-03T20:46:39.567-05:00  INFO 92895 --- [crossword] [           main] org.hibernate.Version                    : HHH000412: Hibernate ORM core version 6.6.5.Final
2025-02-03T20:46:39.577-05:00  INFO 92895 --- [crossword] [           main] o.h.c.internal.RegionFactoryInitiator    : HHH000026: Second-level cache disabled
2025-02-03T20:46:39.667-05:00  INFO 92895 --- [crossword] [           main] o.s.o.j.p.SpringPersistenceUnitInfo      : No LoadTimeWeaver setup: ignoring JPA class transformer
2025-02-03T20:46:39.695-05:00  INFO 92895 --- [crossword] [           main] org.hibernate.orm.connections.pooling    : HHH10001005: Database info:
	Database JDBC URL [Connecting through datasource 'HikariDataSource (HikariPool-1)']
	Database driver: undefined/unknown
	Database version: 2.3.232
	Autocommit mode: undefined/unknown
	Isolation level: undefined/unknown
	Minimum pool size: undefined/unknown
	Maximum pool size: undefined/unknown
2025-02-03T20:46:39.937-05:00  INFO 92895 --- [crossword] [           main] o.h.e.t.j.p.i.JtaPlatformInitiator       : HHH000489: No JTA platform available (set 'hibernate.transaction.jta.platform' to enable JTA platform integration)
2025-02-03T20:46:39.948-05:00  INFO 92895 --- [crossword] [           main] j.LocalContainerEntityManagerFactoryBean : Initialized JPA EntityManagerFactory for persistence unit 'default'
2025-02-03T20:46:40.026-05:00  WARN 92895 --- [crossword] [           main] JpaBaseConfiguration$JpaWebConfiguration : spring.jpa.open-in-view is enabled by default. Therefore, database queries may be performed during view rendering. Explicitly configure spring.jpa.open-in-view to disable this warning
2025-02-03T20:46:40.033-05:00  WARN 92895 --- [crossword] [           main] .s.s.UserDetailsServiceAutoConfiguration : 

Using generated security password: 249cbcc0-7efe-4d3e-a03f-ed371e80b257

This generated password is for development use only. Your security configuration must be updated before running your application in production.

2025-02-03T20:46:40.042-05:00  INFO 92895 --- [crossword] [           main] r$InitializeUserDetailsManagerConfigurer : Global AuthenticationManager configured with UserDetailsService bean with name inMemoryUserDetailsManager
2025-02-03T20:46:40.191-05:00  INFO 92895 --- [crossword] [           main] o.s.b.w.embedded.tomcat.TomcatWebServer  : Tomcat started on port 8080 (http) with context path '/'
2025-02-03T20:46:40.195-05:00  INFO 92895 --- [crossword] [           main] c.e.crossword.CrosswordApplication       : Started CrosswordApplication in 1.33 seconds (process running for 1.463)
2025-02-03T20:46:41.818-05:00  INFO 92895 --- [crossword] [nio-8080-exec-1] o.a.c.c.C.[Tomcat].[localhost].[/]       : Initializing Spring DispatcherServlet 'dispatcherServlet'
2025-02-03T20:46:41.818-05:00  INFO 92895 --- [crossword] [nio-8080-exec-1] o.s.web.servlet.DispatcherServlet        : Initializing Servlet 'dispatcherServlet'
2025-02-03T20:46:41.819-05:00  INFO 92895 --- [crossword] [nio-8080-exec-1] o.s.web.servlet.DispatcherServlet        : Completed initialization in 1 ms
